0 info it worked if it ends with ok
1 verbose cli [ 'C:\\Program Files\\nodejs\\node.exe',
1 verbose cli   'C:\\Users\\Pablo\\AppData\\Roaming\\npm\\node_modules\\npm\\bin\\npm-cli.js',
1 verbose cli   'run',
1 verbose cli   'build' ]
2 info using npm@3.10.6
3 info using node@v7.3.0
4 verbose run-script [ 'prebuild', 'build', 'postbuild' ]
5 info lifecycle webpack@0.0.1~prebuild: webpack@0.0.1
6 silly lifecycle webpack@0.0.1~prebuild: no script for prebuild, continuing
7 info lifecycle webpack@0.0.1~build: webpack@0.0.1
8 verbose lifecycle webpack@0.0.1~build: unsafe-perm in lifecycle true
9 verbose lifecycle webpack@0.0.1~build: PATH: C:\Users\Pablo\AppData\Roaming\npm\node_modules\npm\bin\node-gyp-bin;F:\Paginas\React\10 - webpack-started\node_modules\.bin;C:\ProgramData\Oracle\Java\javapath;C:\WINDOWS\system32;C:\WINDOWS;C:\WINDOWS\System32\Wbem;C:\WINDOWS\System32\WindowsPowerShell\v1.0\;C:\Python27;F:\AndroidSDK\platform-tools;F:\AndroidSDK\tools;C:\Program Files (x86)\Skype\Phone\;C:\Program Files (x86)\Heroku\bin;C:\Program Files (x86)\git\cmd;C:\Program Files (x86)\AMD\ATI.ACE\Core-Static;C:\Program Files\Git\cmd;C:\Program Files (x86)\Git\cmd;C:\Program Files\nodejs\;C:\Program Files (x86)\Yarn\bin;C:\Ruby23-x64\bin;C:\Users\Pablo\AppData\Local\atom\bin;C:\Users\Pablo\AppData\Local\.meteor\;C:\Users\Pablo\AppData\Local\Microsoft\WindowsApps;C:\Users\Pablo\AppData\Roaming\npm;C:\Users\Pablo\AppData\Local\Yarn\.bin
10 verbose lifecycle webpack@0.0.1~build: CWD: F:\Paginas\React\10 - webpack-started
11 silly lifecycle webpack@0.0.1~build: Args: [ '/d /s /c', 'webpack --config=webpack.prod.js -p' ]
12 silly lifecycle webpack@0.0.1~build: Returned: code: 2  signal: null
13 info lifecycle webpack@0.0.1~build: Failed to exec build script
14 verbose stack Error: webpack@0.0.1 build: `webpack --config=webpack.prod.js -p`
14 verbose stack Exit status 2
14 verbose stack     at EventEmitter.<anonymous> (C:\Users\Pablo\AppData\Roaming\npm\node_modules\npm\lib\utils\lifecycle.js:255:16)
14 verbose stack     at emitTwo (events.js:106:13)
14 verbose stack     at EventEmitter.emit (events.js:191:7)
14 verbose stack     at ChildProcess.<anonymous> (C:\Users\Pablo\AppData\Roaming\npm\node_modules\npm\lib\utils\spawn.js:40:14)
14 verbose stack     at emitTwo (events.js:106:13)
14 verbose stack     at ChildProcess.emit (events.js:191:7)
14 verbose stack     at maybeClose (internal/child_process.js:885:16)
14 verbose stack     at Process.ChildProcess._handle.onexit (internal/child_process.js:226:5)
15 verbose pkgid webpack@0.0.1
16 verbose cwd F:\Paginas\React\10 - webpack-started
17 error Windows_NT 10.0.14393
18 error argv "C:\\Program Files\\nodejs\\node.exe" "C:\\Users\\Pablo\\AppData\\Roaming\\npm\\node_modules\\npm\\bin\\npm-cli.js" "run" "build"
19 error node v7.3.0
20 error npm  v3.10.6
21 error code ELIFECYCLE
22 error webpack@0.0.1 build: `webpack --config=webpack.prod.js -p`
22 error Exit status 2
23 error Failed at the webpack@0.0.1 build script 'webpack --config=webpack.prod.js -p'.
23 error Make sure you have the latest version of node.js and npm installed.
23 error If you do, this is most likely a problem with the webpack package,
23 error not with npm itself.
23 error Tell the author that this fails on your system:
23 error     webpack --config=webpack.prod.js -p
23 error You can get information on how to open an issue for this project with:
23 error     npm bugs webpack
23 error Or if that isn't available, you can get their info via:
23 error     npm owner ls webpack
23 error There is likely additional logging output above.
24 verbose exit [ 1, true ]
